2020-05-18 11:53:54,729 :INFO :test_e2e :Test Started
2020-05-18 11:53:55,719 :INFO :test_e2e :iphone X
2020-05-18 11:53:55,749 :INFO :test_e2e :Samsung Note 8
2020-05-18 11:53:55,773 :INFO :test_e2e :Nokia Edge
2020-05-18 11:53:55,798 :INFO :test_e2e :Blackberry
2020-05-18 11:54:01,729 :INFO :test_e2e :×
Success! Thank you! Your order will be delivered in next few weeks :-).
2020-05-18 11:54:01,730 :INFO :test_e2e :Purchase Completed Successfully
2020-05-18 11:54:02,125 :INFO :test_e2e :Test Completed
2020-05-18 11:54:22,973 :INFO :test_formsubmission :Test Started
2020-05-18 11:54:23,588 :INFO :test_formsubmission :×
Success! The Form has been submitted successfully!.
2020-05-18 11:58:05,551 :INFO :test_e2e :Test Started
2020-05-18 11:58:06,523 :INFO :test_e2e :iphone X
2020-05-18 11:58:06,549 :INFO :test_e2e :Samsung Note 8
2020-05-18 11:58:06,569 :INFO :test_e2e :Nokia Edge
2020-05-18 11:58:06,588 :INFO :test_e2e :Blackberry
2020-05-18 11:58:12,328 :INFO :test_e2e :×
Success! Thank you! Your order will be delivered in next few weeks :-).
2020-05-18 11:58:12,328 :INFO :test_e2e :Purchase Completed Successfully
2020-05-18 11:58:12,731 :INFO :test_e2e :Test Completed
2020-05-18 11:58:33,535 :INFO :test_formsubmission :Test Started
2020-05-18 11:58:34,161 :INFO :test_formsubmission :×
Success! The Form has been submitted successfully!.
2020-05-18 12:02:59,331 :INFO :test_e2e :Test Started
2020-05-18 12:03:00,242 :INFO :test_e2e :iphone X
2020-05-18 12:03:00,268 :INFO :test_e2e :Samsung Note 8
2020-05-18 12:03:00,294 :INFO :test_e2e :Nokia Edge
2020-05-18 12:03:00,314 :INFO :test_e2e :Blackberry
2020-05-18 12:03:06,047 :INFO :test_e2e :×
Success! Thank you! Your order will be delivered in next few weeks :-).
2020-05-18 12:03:06,047 :INFO :test_e2e :Purchase Completed Successfully
2020-05-18 12:03:06,418 :INFO :test_e2e :Test Completed
2020-05-18 12:03:27,306 :INFO :test_formsubmission :Test Started
2020-05-18 12:03:27,910 :INFO :test_formsubmission :×
Success! The Form has been submitted successfully!.
2020-05-18 12:10:49,405 :INFO :test_e2e :Test Started
2020-05-18 12:10:50,358 :INFO :test_e2e :iphone X
2020-05-18 12:10:50,390 :INFO :test_e2e :Samsung Note 8
2020-05-18 12:10:50,417 :INFO :test_e2e :Nokia Edge
2020-05-18 12:10:50,441 :INFO :test_e2e :Blackberry
2020-05-18 12:10:56,274 :INFO :test_e2e :×
Success! Thank you! Your order will be delivered in next few weeks :-).
2020-05-18 12:10:56,274 :INFO :test_e2e :Purchase Completed Successfully
2020-05-18 12:10:56,686 :INFO :test_e2e :Test Completed
2020-05-18 12:11:17,596 :INFO :test_formsubmission :Test Started
2020-05-18 12:11:18,325 :INFO :test_formsubmission :×
Success! The Form has been submitted successfully!.
2020-05-18 12:11:20,086 :INFO :test_formsubmission :Test Completed
